source/ecommerce/android/app/build/intermediates/manifest_merge_blame_file/debug/manifest-merger-blame-debug-report.txt
1<?xml version="1.0" encoding="utf-8"?>
2<manifest xmlns:android="http://schemas.android.com/apk/res/android"
3    package="com.ecommerce"
4    android:versionCode="1"
5    android:versionName="1.0" >
6
7    <uses-sdk
8        android:minSdkVersion="16"
9        android:targetSdkVersion="29" />
10
11    <uses-permission android:name="android.permission.SYSTEM_ALERT_WINDOW" />
11-->src/debug/AndroidManifest.xml:5:5-77
11-->src/debug/AndroidManifest.xml:5:22-75
12    <uses-permission android:name="android.permission.INTERNET" />
12-->src/main/AndroidManifest.xml:4:5-67
12-->src/main/AndroidManifest.xml:4:22-64
13    <uses-permission android:name="android.permission.ACCESS_WIFI_STATE" />
13-->[com.facebook.flipper:flipper:0.37.0] AndroidManifest.xml:16:5-76
13-->[com.facebook.flipper:flipper:0.37.0] AndroidManifest.xml:16:22-73
14    <uses-permission android:name="android.permission.ACCESS_NETWORK_STATE" />
14-->[:sentry_react-native] AndroidManifest.xml:12:5-79
14-->[:sentry_react-native] AndroidManifest.xml:12:22-76
15
16    <application
16-->src/main/AndroidManifest.xml:6:5-25:19
17        android:name="com.ecommerce.MainApplication"
17-->src/main/AndroidManifest.xml:7:7-38
18        android:allowBackup="false"
18-->src/main/AndroidManifest.xml:11:7-34
19        android:appComponentFactory="androidx.core.app.CoreComponentFactory"
19-->[androidx.core:core:1.1.0] AndroidManifest.xml:24:18-86
20        android:debuggable="true"
21        android:icon="@mipmap/ic_launcher"
21-->src/main/AndroidManifest.xml:9:7-41
22        android:label="@string/app_name"
22-->src/main/AndroidManifest.xml:8:7-39
23        android:roundIcon="@mipmap/ic_launcher_round"
23-->src/main/AndroidManifest.xml:10:7-52
24        android:theme="@style/AppTheme"
24-->src/main/AndroidManifest.xml:12:7-38
25        android:usesCleartextTraffic="true" >
25-->src/debug/AndroidManifest.xml:7:18-53
26        <activity
26-->src/main/AndroidManifest.xml:13:7-23:18
27            android:name="com.ecommerce.MainActivity"
27-->src/main/AndroidManifest.xml:14:9-37
28            android:configChanges="keyboard|keyboardHidden|orientation|screenSize|uiMode"
28-->src/main/AndroidManifest.xml:16:9-86
29            android:label="@string/app_name"
29-->src/main/AndroidManifest.xml:15:9-41
30            android:launchMode="singleTask"
30-->src/main/AndroidManifest.xml:17:9-40
31            android:windowSoftInputMode="adjustResize" >
31-->src/main/AndroidManifest.xml:18:9-51
32            <intent-filter>
32-->src/main/AndroidManifest.xml:19:9-22:25
33                <action android:name="android.intent.action.MAIN" />
33-->src/main/AndroidManifest.xml:20:13-65
33-->src/main/AndroidManifest.xml:20:21-62
34
35                <category android:name="android.intent.category.LAUNCHER" />
35-->src/main/AndroidManifest.xml:21:13-73
35-->src/main/AndroidManifest.xml:21:23-70
36            </intent-filter>
37        </activity>
38        <activity android:name="com.facebook.react.devsupport.DevSettingsActivity" />
38-->src/main/AndroidManifest.xml:24:7-84
38-->src/main/AndroidManifest.xml:24:17-81
39
40        <meta-data
40-->[:sentry_react-native] AndroidManifest.xml:15:9-17:37
41            android:name="io.sentry.auto-init"
41-->[:sentry_react-native] AndroidManifest.xml:16:13-47
42            android:value="false" />
42-->[:sentry_react-native] AndroidManifest.xml:17:13-34
43        <meta-data
43-->[com.github.bumptech.glide:okhttp3-integration:4.11.0] AndroidManifest.xml:11:9-13:43
44            android:name="com.bumptech.glide.integration.okhttp3.OkHttpGlideModule"
44-->[com.github.bumptech.glide:okhttp3-integration:4.11.0] AndroidManifest.xml:12:13-84
45            android:value="GlideModule" /> <!-- 'android:authorities' must be unique in the device, across all apps -->
45-->[com.github.bumptech.glide:okhttp3-integration:4.11.0] AndroidManifest.xml:13:13-40
46        <provider
46-->[io.sentry:sentry-android-core:2.3.1] AndroidManifest.xml:16:9-19:40
47            android:name="io.sentry.android.core.SentryInitProvider"
47-->[io.sentry:sentry-android-core:2.3.1] AndroidManifest.xml:17:13-69
48            android:authorities="com.ecommerce.SentryInitProvider"
48-->[io.sentry:sentry-android-core:2.3.1] AndroidManifest.xml:18:13-70
49            android:exported="false" />
49-->[io.sentry:sentry-android-core:2.3.1] AndroidManifest.xml:19:13-37
50        <provider
50-->[androidx.lifecycle:lifecycle-process:2.2.0] AndroidManifest.xml:25:9-29:43
51            android:name="androidx.lifecycle.ProcessLifecycleOwnerInitializer"
51-->[androidx.lifecycle:lifecycle-process:2.2.0] AndroidManifest.xml:26:13-79
52            android:authorities="com.ecommerce.lifecycle-process"
52-->[androidx.lifecycle:lifecycle-process:2.2.0] AndroidManifest.xml:27:13-69
53            android:exported="false"
53-->[androidx.lifecycle:lifecycle-process:2.2.0] AndroidManifest.xml:28:13-37
54            android:multiprocess="true" />
54-->[androidx.lifecycle:lifecycle-process:2.2.0] AndroidManifest.xml:29:13-40
55    </application>
56
57</manifest>